Determining if the pthread_create exist failed with the following output:
Change Dir: /home/phlyoo/catkin_ws/src/kass_inha/build/CMakeFiles/CMakeTmp

Run Build Command:"/usr/bin/ninja" "cmTC_ce6dc"
[1/2] Building C object CMakeFiles/cmTC_ce6dc.dir/CheckSymbolExists.c.o
[2/2] Linking C executable cmTC_ce6dc
FAILED: cmTC_ce6dc 
: && /usr/bin/cc   -rdynamic CMakeFiles/cmTC_ce6dc.dir/CheckSymbolExists.c.o  -o cmTC_ce6dc   && :
CMakeFiles/cmTC_ce6dc.dir/CheckSymbolExists.c.o: In function `main':
CheckSymbolExists.c:(.text+0x1b): undefined reference to `pthread_create'
collect2: error: ld returned 1 exit status
ninja: build stopped: subcommand failed.

File /home/phlyoo/catkin_ws/src/kass_inha/build/CMakeFiles/CMakeTmp/CheckSymbolExists.c:
/* */
#include <pthread.h>

int main(int argc, char** argv)
{
  (void)argv;
#ifndef pthread_create
  return ((int*)(&pthread_create))[argc];
#else
  (void)argc;
  return 0;
#endif
}

Determining if the function pthread_create exists in the pthreads failed with the following output:
Change Dir: /home/phlyoo/catkin_ws/src/kass_inha/build/CMakeFiles/CMakeTmp

Run Build Command:"/usr/bin/ninja" "cmTC_90825"
[1/2] Building C object CMakeFiles/cmTC_90825.dir/CheckFunctionExists.c.o
[2/2] Linking C executable cmTC_90825
FAILED: cmTC_90825 
: && /usr/bin/cc -DCHECK_FUNCTION_EXISTS=pthread_create  -rdynamic CMakeFiles/cmTC_90825.dir/CheckFunctionExists.c.o  -o cmTC_90825  -lpthreads && :
/usr/bin/ld: cannot find -lpthreads
collect2: error: ld returned 1 exit status
ninja: build stopped: subcommand failed.


Performing C SOURCE FILE Test CMAKE_HAVE_LIBC_PTHREAD failed with the following output:
Change Dir: /home/ubuntu/catkin_ws/src/kass_inha/build/CMakeFiles/CMakeTmp

Run Build Command(s):/usr/bin/make cmTC_8f4bc/fast && /usr/bin/make -f CMakeFiles/cmTC_8f4bc.dir/build.make CMakeFiles/cmTC_8f4bc.dir/build
make[1]: 디렉터리 '/home/ubuntu/catkin_ws/src/kass_inha/build/CMakeFiles/CMakeTmp' 들어감
Building C object CMakeFiles/cmTC_8f4bc.dir/src.c.o
/usr/bin/cc   -DCMAKE_HAVE_LIBC_PTHREAD   -o CMakeFiles/cmTC_8f4bc.dir/src.c.o   -c /home/ubuntu/catkin_ws/src/kass_inha/build/CMakeFiles/CMakeTmp/src.c
Linking C executable cmTC_8f4bc
/usr/bin/cmake -E cmake_link_script CMakeFiles/cmTC_8f4bc.dir/link.txt --verbose=1
/usr/bin/cc  -DCMAKE_HAVE_LIBC_PTHREAD    -rdynamic CMakeFiles/cmTC_8f4bc.dir/src.c.o  -o cmTC_8f4bc 
/usr/bin/ld: CMakeFiles/cmTC_8f4bc.dir/src.c.o: in function `main':
src.c:(.text+0x46): undefined reference to `pthread_create'
/usr/bin/ld: src.c:(.text+0x52): undefined reference to `pthread_detach'
/usr/bin/ld: src.c:(.text+0x63): undefined reference to `pthread_join'
collect2: error: ld returned 1 exit status
make[1]: *** [CMakeFiles/cmTC_8f4bc.dir/build.make:87: cmTC_8f4bc] 오류 1
make[1]: 디렉터리 '/home/ubuntu/catkin_ws/src/kass_inha/build/CMakeFiles/CMakeTmp' 나감
make: *** [Makefile:121: cmTC_8f4bc/fast] 오류 2


Source file was:
#include <pthread.h>

void* test_func(void* data)
{
  return data;
}

int main(void)
{
  pthread_t thread;
  pthread_create(&thread, NULL, test_func, NULL);
  pthread_detach(thread);
  pthread_join(thread, NULL);
  pthread_atfork(NULL, NULL, NULL);
  pthread_exit(NULL);

  return 0;
}

Determining if the function pthread_create exists in the pthreads failed with the following output:
Change Dir: /home/ubuntu/catkin_ws/src/kass_inha/build/CMakeFiles/CMakeTmp

Run Build Command(s):/usr/bin/make cmTC_673ae/fast && /usr/bin/make -f CMakeFiles/cmTC_673ae.dir/build.make CMakeFiles/cmTC_673ae.dir/build
make[1]: 디렉터리 '/home/ubuntu/catkin_ws/src/kass_inha/build/CMakeFiles/CMakeTmp' 들어감
Building C object CMakeFiles/cmTC_673ae.dir/CheckFunctionExists.c.o
/usr/bin/cc   -DCHECK_FUNCTION_EXISTS=pthread_create   -o CMakeFiles/cmTC_673ae.dir/CheckFunctionExists.c.o   -c /usr/share/cmake-3.16/Modules/CheckFunctionExists.c
Linking C executable cmTC_673ae
/usr/bin/cmake -E cmake_link_script CMakeFiles/cmTC_673ae.dir/link.txt --verbose=1
/usr/bin/cc  -DCHECK_FUNCTION_EXISTS=pthread_create    -rdynamic CMakeFiles/cmTC_673ae.dir/CheckFunctionExists.c.o  -o cmTC_673ae  -lpthreads 
/usr/bin/ld: cannot find -lpthreads
collect2: error: ld returned 1 exit status
make[1]: *** [CMakeFiles/cmTC_673ae.dir/build.make:87: cmTC_673ae] 오류 1
make[1]: 디렉터리 '/home/ubuntu/catkin_ws/src/kass_inha/build/CMakeFiles/CMakeTmp' 나감
make: *** [Makefile:121: cmTC_673ae/fast] 오류 2



